Examen IB/FunHero2/app/build/intermediates/manifest_merge_blame_file/debug/manifest-merger-blame-debug-report.txt
1<?xml version="1.0" encoding="utf-8"?>
2<manifest xmlns:android="http://schemas.android.com/apk/res/android"
3    package="com.example.funhero2"
4    android:versionCode="1"
5    android:versionName="1.0" >
6
7    <uses-sdk
8        android:minSdkVersion="29"
8-->src\main\AndroidManifest.xml
9        android:targetSdkVersion="29" />
9-->src\main\AndroidManifest.xml
10    <!--
11         The ACCESS_COARSE/FINE_LOCATION permissions are not required to use
12         Google Maps Android API v2, but you must specify either coarse or fine
13         location permissions for the "MyLocation" functionality.
14    -->
15    <uses-permission android:name="android.permission.ACCESS_FINE_LOCATION" />
15-->src\main\AndroidManifest.xml:9:5-79
15-->src\main\AndroidManifest.xml:9:22-76
16
17    <uses-feature
17-->src\main\AndroidManifest.xml:11:5-13:35
18        android:name="android.hardware.location.gps"
18-->src\main\AndroidManifest.xml:12:9-53
19        android:required="true" />
19-->src\main\AndroidManifest.xml:13:9-32
20
21    <uses-permission android:name="android.permission.INTERNET" />
21-->src\main\AndroidManifest.xml:15:5-67
21-->src\main\AndroidManifest.xml:15:22-64
22    <uses-permission android:name="android.permission.ACCESS_NETWORK_STATE" />
22-->src\main\AndroidManifest.xml:16:5-79
22-->src\main\AndroidManifest.xml:16:22-76
23
24    <uses-feature
24-->[com.google.android.gms:play-services-maps:17.0.0] AndroidManifest.xml:26:5-28:35
25        android:glEsVersion="0x00020000"
25-->[com.google.android.gms:play-services-maps:17.0.0] AndroidManifest.xml:27:9-41
26        android:required="true" />
26-->[com.google.android.gms:play-services-maps:17.0.0] AndroidManifest.xml:28:9-32
27
28    <application
28-->src\main\AndroidManifest.xml:18:5-70:19
29        android:allowBackup="true"
29-->src\main\AndroidManifest.xml:19:9-35
30        android:appComponentFactory="androidx.core.app.CoreComponentFactory"
30-->[androidx.core:core:1.3.0] AndroidManifest.xml:24:18-86
31        android:debuggable="true"
32        android:extractNativeLibs="false"
33        android:icon="@mipmap/ic_launcher"
33-->src\main\AndroidManifest.xml:20:9-43
34        android:label="@string/app_name"
34-->src\main\AndroidManifest.xml:21:9-41
35        android:roundIcon="@mipmap/ic_launcher_round"
35-->src\main\AndroidManifest.xml:22:9-54
36        android:supportsRtl="true"
36-->src\main\AndroidManifest.xml:23:9-35
37        android:testOnly="true"
38        android:theme="@style/AppTheme"
38-->src\main\AndroidManifest.xml:24:9-40
39        android:usesCleartextTraffic="true" >
39-->src\main\AndroidManifest.xml:25:9-44
40        <activity android:name="com.example.funhero2.Listar_Superheroes" />
40-->src\main\AndroidManifest.xml:26:9-65
40-->src\main\AndroidManifest.xml:26:19-53
41        <!--
42             The API key for Google Maps-based APIs is defined as a string resource.
43             (See the file "res/values/google_maps_api.xml").
44             Note that the API key is linked to the encryption key used to sign the APK.
45             You need a different API key for each encryption key, including the release key that is used to
46             sign the APK for publishing.
47             You can define the keys for the debug and release targets in src/debug/ and src/release/.
48        -->
49        <meta-data
49-->src\main\AndroidManifest.xml:35:9-37:55
50            android:name="com.google.android.geo.API_KEY"
50-->src\main\AndroidManifest.xml:36:13-58
51            android:value="@string/google_maps_key" />
51-->src\main\AndroidManifest.xml:37:13-52
52
53        <activity
53-->src\main\AndroidManifest.xml:39:9-41:80
54            android:name="com.example.funhero2.Maps.Act_MapaAllSuperheroes"
54-->src\main\AndroidManifest.xml:40:13-56
55            android:label="@string/title_activity_act__mapa_all_superheroes" />
55-->src\main\AndroidManifest.xml:41:13-77
56        <activity
56-->src\main\AndroidManifest.xml:42:9-44:84
57            android:name="com.example.funhero2.Maps.Act_insertarLatitudLongitud"
57-->src\main\AndroidManifest.xml:43:13-61
58            android:label="@string/title_activity_act_insertar_latitud_longitud" />
58-->src\main\AndroidManifest.xml:44:13-81
59        <activity android:name="com.example.funhero2.SuperheroeGeneral.borrarSuperheroe" />
59-->src\main\AndroidManifest.xml:45:9-72
59-->src\main\AndroidManifest.xml:45:19-69
60        <activity android:name="com.example.funhero2.SuperheroeGeneral.actualizarSuperheroe" />
60-->src\main\AndroidManifest.xml:46:9-76
60-->src\main\AndroidManifest.xml:46:19-73
61        <activity android:name="com.example.funhero2.SuperheroeGeneral.mostrarSuperheroes" />
61-->src\main\AndroidManifest.xml:47:9-74
61-->src\main\AndroidManifest.xml:47:19-71
62        <activity android:name="com.example.funhero2.SuperheroeGeneral.buscarSuperheroe" />
62-->src\main\AndroidManifest.xml:48:9-72
62-->src\main\AndroidManifest.xml:48:19-69
63        <activity android:name="com.example.funhero2.SuperheroeGeneral.insertarSupeerheroe" />
63-->src\main\AndroidManifest.xml:49:9-75
63-->src\main\AndroidManifest.xml:49:19-72
64        <activity android:name="com.example.funhero2.SuperheroeGeneral.menuPrincipalSuperheroe" />
64-->src\main\AndroidManifest.xml:50:9-79
64-->src\main\AndroidManifest.xml:50:19-76
65        <activity android:name="com.example.funhero2.ComicGeneral.actualizarComic" />
65-->src\main\AndroidManifest.xml:51:9-66
65-->src\main\AndroidManifest.xml:51:19-63
66        <activity android:name="com.example.funhero2.ComicGeneral.BuscarComicActivity" />
66-->src\main\AndroidManifest.xml:52:9-70
66-->src\main\AndroidManifest.xml:52:19-67
67        <activity android:name="com.example.funhero2.ComicGeneral.InsertarComic" />
67-->src\main\AndroidManifest.xml:53:9-64
67-->src\main\AndroidManifest.xml:53:19-61
68        <activity
68-->src\main\AndroidManifest.xml:54:9-57:59
69            android:name="com.example.funhero2.ComicGeneral.Comic"
69-->src\main\AndroidManifest.xml:55:13-47
70            android:label="@string/title_activity_comic"
70-->src\main\AndroidManifest.xml:56:13-57
71            android:theme="@style/AppTheme.NoActionBar" />
71-->src\main\AndroidManifest.xml:57:13-56
72        <activity android:name="com.example.funhero2.principalesUI.comicSuperheroChoose" />
72-->src\main\AndroidManifest.xml:58:9-72
72-->src\main\AndroidManifest.xml:58:19-69
73        <activity
73-->src\main\AndroidManifest.xml:59:9-69:20
74            android:name="com.example.funhero2.principalesUI.FullscreenActivity"
74-->src\main\AndroidManifest.xml:60:13-61
75            android:configChanges="orientation|keyboardHidden|screenSize"
75-->src\main\AndroidManifest.xml:61:13-74
76            android:label="@string/app_name"
76-->src\main\AndroidManifest.xml:62:13-45
77            android:theme="@style/FullscreenTheme" >
77-->src\main\AndroidManifest.xml:63:13-51
78            <intent-filter>
78-->src\main\AndroidManifest.xml:64:13-68:29
79                <action android:name="android.intent.action.MAIN" />
79-->src\main\AndroidManifest.xml:65:17-69
79-->src\main\AndroidManifest.xml:65:25-66
80
81                <category android:name="android.intent.category.LAUNCHER" />
81-->src\main\AndroidManifest.xml:67:17-77
81-->src\main\AndroidManifest.xml:67:27-74
82            </intent-filter>
83        </activity>
84        <!-- Needs to be explicitly declared on P+ -->
85        <uses-library
85-->[com.google.android.gms:play-services-maps:17.0.0] AndroidManifest.xml:33:9-35:40
86            android:name="org.apache.http.legacy"
86-->[com.google.android.gms:play-services-maps:17.0.0] AndroidManifest.xml:34:13-50
87            android:required="false" />
87-->[com.google.android.gms:play-services-maps:17.0.0] AndroidManifest.xml:35:13-37
88
89        <meta-data
89-->[com.google.maps.android:android-maps-utils:0.5] AndroidManifest.xml:8:9-10:69
90            android:name="com.google.android.gms.version"
90-->[com.google.maps.android:android-maps-utils:0.5] AndroidManifest.xml:9:13-58
91            android:value="@integer/google_play_services_version" />
91-->[com.google.maps.android:android-maps-utils:0.5] AndroidManifest.xml:10:13-66
92
93        <activity
93-->[com.google.android.gms:play-services-base:17.0.0] AndroidManifest.xml:23:9-26:75
94            android:name="com.google.android.gms.common.api.GoogleApiActivity"
94-->[com.google.android.gms:play-services-base:17.0.0] AndroidManifest.xml:24:13-79
95            android:exported="false"
95-->[com.google.android.gms:play-services-base:17.0.0] AndroidManifest.xml:25:13-37
96            android:theme="@android:style/Theme.Translucent.NoTitleBar" />
96-->[com.google.android.gms:play-services-base:17.0.0] AndroidManifest.xml:26:13-72
97
98        <provider
98-->[androidx.lifecycle:lifecycle-process:2.0.0] AndroidManifest.xml:23:9-27:43
99            android:name="androidx.lifecycle.ProcessLifecycleOwnerInitializer"
99-->[androidx.lifecycle:lifecycle-process:2.0.0] AndroidManifest.xml:24:13-79
100            android:authorities="com.example.funhero2.lifecycle-process"
100-->[androidx.lifecycle:lifecycle-process:2.0.0] AndroidManifest.xml:25:13-69
101            android:exported="false"
101-->[androidx.lifecycle:lifecycle-process:2.0.0] AndroidManifest.xml:26:13-37
102            android:multiprocess="true" />
102-->[androidx.lifecycle:lifecycle-process:2.0.0] AndroidManifest.xml:27:13-40
103    </application>
104
105</manifest>